<?xml version="1.0" encoding="UTF-8"?>
<!-- Generated by org.testng.reporters.JUnitXMLReporter -->
<testsuite ignored="0" hostname="DESKTOP-5C82T7M" failures="0" tests="12" name="Test" time="2.168" errors="0" timestamp="2024-03-28T19:33:52 IST">
  <testcase classname="org.you.About" name="@BeforeClass launchtheurl" time="1.493">
    <failure type="io.github.bonigarcia.wdm.config.WebDriverManagerException" message="java.lang.NumberFormatException: For input string: &amp;quot;public&amp;quot;">
      <![CDATA[io.github.bonigarcia.wdm.config.WebDriverManagerException: java.lang.NumberFormatException: For input string: "public"
at io.github.bonigarcia.wdm.WebDriverManager.handleException(WebDriverManager.java:1414)
at io.github.bonigarcia.wdm.WebDriverManager.manage(WebDriverManager.java:1189)
at io.github.bonigarcia.wdm.WebDriverManager.fallback(WebDriverManager.java:1430)
at io.github.bonigarcia.wdm.WebDriverManager.handleException(WebDriverManager.java:1408)
at io.github.bonigarcia.wdm.WebDriverManager.manage(WebDriverManager.java:1189)
at io.github.bonigarcia.wdm.WebDriverManager.setup(WebDriverManager.java:426)
at org.you.classbase.launchBrowser(classbase.java:34)
at org.you.About.launchtheurl(About.java:22)
at java.base/java.util.ArrayList.forEach(ArrayList.java:1511)
Caused by: java.lang.NumberFormatException: For input string: "public"
at java.base/java.lang.NumberFormatException.forInputString(NumberFormatException.java:67)
at java.base/java.lang.Integer.parseInt(Integer.java:668)
at java.base/java.lang.Integer.parseInt(Integer.java:786)
at io.github.bonigarcia.wdm.managers.ChromeDriverManager.buildUrl(ChromeDriverManager.java:177)
at io.github.bonigarcia.wdm.managers.ChromeDriverManager.buildUrl(ChromeDriverManager.java:154)
at io.github.bonigarcia.wdm.WebDriverManager.download(WebDriverManager.java:1262)
at io.github.bonigarcia.wdm.WebDriverManager.manage(WebDriverManager.java:1183)
... 32 more
... Removed 25 stack frames]]>
    </failure>
  </testcase> <!-- @BeforeClass launchtheurl -->
  <testcase classname="org.you.About" name="@BeforeMethod startthedate" time="-1.71163463221E9">
    <skipped/>
  </testcase> <!-- @BeforeMethod startthedate -->
  <testcase classname="org.you.About" name="@AfterMethod endthedate" time="-1.711634632248E9">
    <skipped/>
  </testcase> <!-- @AfterMethod endthedate -->
  <testcase classname="org.you.About" name="@BeforeMethod startthedate" time="-1.711634632255E9">
    <skipped/>
  </testcase> <!-- @BeforeMethod startthedate -->
  <testcase classname="org.you.About" name="@AfterMethod endthedate" time="-1.711634632277E9">
    <skipped/>
  </testcase> <!-- @AfterMethod endthedate -->
  <testcase classname="org.you.About" name="@AfterClass endthebrowser" time="-1.711634632287E9">
    <skipped/>
  </testcase> <!-- @AfterClass endthebrowser -->
  <testcase classname="org.you.seller" name="@BeforeClass launchTheBrowser" time="0.082">
    <failure type="io.github.bonigarcia.wdm.config.WebDriverManagerException" message="java.lang.NumberFormatException: For input string: &amp;quot;public&amp;quot;">
      <![CDATA[io.github.bonigarcia.wdm.config.WebDriverManagerException: java.lang.NumberFormatException: For input string: "public"
at io.github.bonigarcia.wdm.WebDriverManager.handleException(WebDriverManager.java:1414)
at io.github.bonigarcia.wdm.WebDriverManager.manage(WebDriverManager.java:1189)
at io.github.bonigarcia.wdm.WebDriverManager.fallback(WebDriverManager.java:1430)
at io.github.bonigarcia.wdm.WebDriverManager.handleException(WebDriverManager.java:1408)
at io.github.bonigarcia.wdm.WebDriverManager.manage(WebDriverManager.java:1189)
at io.github.bonigarcia.wdm.WebDriverManager.setup(WebDriverManager.java:426)
at org.you.classbase.launchBrowser(classbase.java:34)
at org.you.seller.launchTheBrowser(seller.java:90)
at java.base/java.util.ArrayList.forEach(ArrayList.java:1511)
Caused by: java.lang.NumberFormatException: For input string: "public"
at java.base/java.lang.NumberFormatException.forInputString(NumberFormatException.java:67)
at java.base/java.lang.Integer.parseInt(Integer.java:668)
at java.base/java.lang.Integer.parseInt(Integer.java:786)
at io.github.bonigarcia.wdm.managers.ChromeDriverManager.buildUrl(ChromeDriverManager.java:177)
at io.github.bonigarcia.wdm.managers.ChromeDriverManager.buildUrl(ChromeDriverManager.java:154)
at io.github.bonigarcia.wdm.WebDriverManager.download(WebDriverManager.java:1262)
at io.github.bonigarcia.wdm.WebDriverManager.manage(WebDriverManager.java:1183)
... 32 more
... Removed 25 stack frames]]>
    </failure>
  </testcase> <!-- @BeforeClass launchTheBrowser -->
  <testcase classname="org.you.seller" name="@BeforeMethod startthedate" time="-1.711634632396E9">
    <skipped/>
  </testcase> <!-- @BeforeMethod startthedate -->
  <testcase classname="org.you.seller" name="@AfterMethod endthedate" time="-1.711634632406E9">
    <skipped/>
  </testcase> <!-- @AfterMethod endthedate -->
  <testcase classname="org.you.seller" name="@BeforeMethod startthedate" time="-1.711634632407E9">
    <skipped/>
  </testcase> <!-- @BeforeMethod startthedate -->
  <testcase classname="org.you.seller" name="@AfterMethod endthedate" time="-1.711634632482E9">
    <skipped/>
  </testcase> <!-- @AfterMethod endthedate -->
  <testcase classname="org.you.seller" name="@BeforeMethod startthedate" time="-1.711634632491E9">
    <skipped/>
  </testcase> <!-- @BeforeMethod startthedate -->
  <testcase classname="org.you.seller" name="@AfterMethod endthedate" time="-1.711634632499E9">
    <skipped/>
  </testcase> <!-- @AfterMethod endthedate -->
  <testcase classname="org.you.seller" name="@BeforeMethod startthedate" time="-1.711634632508E9">
    <skipped/>
  </testcase> <!-- @BeforeMethod startthedate -->
  <testcase classname="org.you.seller" name="@AfterMethod endthedate" time="-1.711634632521E9">
    <skipped/>
  </testcase> <!-- @AfterMethod endthedate -->
  <testcase classname="org.you.seller" name="@AfterClass endthebrowser" time="-1.711634632524E9">
    <skipped/>
  </testcase> <!-- @AfterClass endthebrowser -->
  <testcase classname="org.you.Buyer" name="@BeforeClass launchtheurl" time="0.098">
    <failure type="io.github.bonigarcia.wdm.config.WebDriverManagerException" message="java.lang.NumberFormatException: For input string: &amp;quot;public&amp;quot;">
      <![CDATA[io.github.bonigarcia.wdm.config.WebDriverManagerException: java.lang.NumberFormatException: For input string: "public"
at io.github.bonigarcia.wdm.WebDriverManager.handleException(WebDriverManager.java:1414)
at io.github.bonigarcia.wdm.WebDriverManager.manage(WebDriverManager.java:1189)
at io.github.bonigarcia.wdm.WebDriverManager.fallback(WebDriverManager.java:1430)
at io.github.bonigarcia.wdm.WebDriverManager.handleException(WebDriverManager.java:1408)
at io.github.bonigarcia.wdm.WebDriverManager.manage(WebDriverManager.java:1189)
at io.github.bonigarcia.wdm.WebDriverManager.setup(WebDriverManager.java:426)
at org.you.classbase.launchBrowser(classbase.java:34)
at org.you.Buyer.launchtheurl(Buyer.java:72)
at java.base/java.util.ArrayList.forEach(ArrayList.java:1511)
Caused by: java.lang.NumberFormatException: For input string: "public"
at java.base/java.lang.NumberFormatException.forInputString(NumberFormatException.java:67)
at java.base/java.lang.Integer.parseInt(Integer.java:668)
at java.base/java.lang.Integer.parseInt(Integer.java:786)
at io.github.bonigarcia.wdm.managers.ChromeDriverManager.buildUrl(ChromeDriverManager.java:177)
at io.github.bonigarcia.wdm.managers.ChromeDriverManager.buildUrl(ChromeDriverManager.java:154)
at io.github.bonigarcia.wdm.WebDriverManager.download(WebDriverManager.java:1262)
at io.github.bonigarcia.wdm.WebDriverManager.manage(WebDriverManager.java:1183)
... 32 more
... Removed 25 stack frames]]>
    </failure>
  </testcase> <!-- @BeforeClass launchtheurl -->
  <testcase classname="org.you.Buyer" name="@BeforeMethod startthedate" time="-1.711634632629E9">
    <skipped/>
  </testcase> <!-- @BeforeMethod startthedate -->
  <testcase classname="org.you.Buyer" name="@AfterMethod endthedate" time="-1.711634632633E9">
    <skipped/>
  </testcase> <!-- @AfterMethod endthedate -->
  <testcase classname="org.you.Buyer" name="@BeforeMethod startthedate" time="-1.711634632636E9">
    <skipped/>
  </testcase> <!-- @BeforeMethod startthedate -->
  <testcase classname="org.you.Buyer" name="@AfterMethod endthedate" time="-1.711634632644E9">
    <skipped/>
  </testcase> <!-- @AfterMethod endthedate -->
  <testcase classname="org.you.Buyer" name="@BeforeMethod startthedate" time="-1.711634632649E9">
    <skipped/>
  </testcase> <!-- @BeforeMethod startthedate -->
  <testcase classname="org.you.Buyer" name="@AfterMethod endthedate" time="-1.711634632662E9">
    <skipped/>
  </testcase> <!-- @AfterMethod endthedate -->
  <testcase classname="org.you.Buyer" name="@AfterClass endthebrowser" time="-1.711634632709E9">
    <skipped/>
  </testcase> <!-- @AfterClass endthebrowser -->
  <testcase classname="org.you.Deliverypartner" name="@BeforeClass launchtheurl" time="0.075">
    <failure type="io.github.bonigarcia.wdm.config.WebDriverManagerException" message="java.lang.NumberFormatException: For input string: &amp;quot;public&amp;quot;">
      <![CDATA[io.github.bonigarcia.wdm.config.WebDriverManagerException: java.lang.NumberFormatException: For input string: "public"
at io.github.bonigarcia.wdm.WebDriverManager.handleException(WebDriverManager.java:1414)
at io.github.bonigarcia.wdm.WebDriverManager.manage(WebDriverManager.java:1189)
at io.github.bonigarcia.wdm.WebDriverManager.fallback(WebDriverManager.java:1430)
at io.github.bonigarcia.wdm.WebDriverManager.handleException(WebDriverManager.java:1408)
at io.github.bonigarcia.wdm.WebDriverManager.manage(WebDriverManager.java:1189)
at io.github.bonigarcia.wdm.WebDriverManager.setup(WebDriverManager.java:426)
at org.you.classbase.launchBrowser(classbase.java:34)
at org.you.Deliverypartner.launchtheurl(Deliverypartner.java:73)
at java.base/java.util.ArrayList.forEach(ArrayList.java:1511)
Caused by: java.lang.NumberFormatException: For input string: "public"
at java.base/java.lang.NumberFormatException.forInputString(NumberFormatException.java:67)
at java.base/java.lang.Integer.parseInt(Integer.java:668)
at java.base/java.lang.Integer.parseInt(Integer.java:786)
at io.github.bonigarcia.wdm.managers.ChromeDriverManager.buildUrl(ChromeDriverManager.java:177)
at io.github.bonigarcia.wdm.managers.ChromeDriverManager.buildUrl(ChromeDriverManager.java:154)
at io.github.bonigarcia.wdm.WebDriverManager.download(WebDriverManager.java:1262)
at io.github.bonigarcia.wdm.WebDriverManager.manage(WebDriverManager.java:1183)
... 32 more
... Removed 25 stack frames]]>
    </failure>
  </testcase> <!-- @BeforeClass launchtheurl -->
  <testcase classname="org.you.Deliverypartner" name="@BeforeMethod startthedate" time="-1.711634632794E9">
    <skipped/>
  </testcase> <!-- @BeforeMethod startthedate -->
  <testcase classname="org.you.Deliverypartner" name="@AfterMethod endthedate" time="-1.711634632797E9">
    <skipped/>
  </testcase> <!-- @AfterMethod endthedate -->
  <testcase classname="org.you.Deliverypartner" name="@BeforeMethod startthedate" time="-1.711634632798E9">
    <skipped/>
  </testcase> <!-- @BeforeMethod startthedate -->
  <testcase classname="org.you.Deliverypartner" name="@AfterMethod endthedate" time="-1.711634632803E9">
    <skipped/>
  </testcase> <!-- @AfterMethod endthedate -->
  <testcase classname="org.you.Deliverypartner" name="@BeforeMethod startthedate" time="-1.711634632804E9">
    <skipped/>
  </testcase> <!-- @BeforeMethod startthedate -->
  <testcase classname="org.you.Deliverypartner" name="@AfterMethod endthedate" time="-1.711634632808E9">
    <skipped/>
  </testcase> <!-- @AfterMethod endthedate -->
  <testcase classname="org.you.Deliverypartner" name="@AfterClass endthebrowser" time="-1.711634632809E9">
    <skipped/>
  </testcase> <!-- @AfterClass endthebrowser -->
  <testcase classname="org.you.About" name="tc1" time="0.0">
    <skipped/>
  </testcase> <!-- tc1 -->
  <testcase classname="org.you.About" name="tc2" time="0.0">
    <skipped/>
  </testcase> <!-- tc2 -->
  <testcase classname="org.you.seller" name="tc1" time="0.0">
    <skipped/>
  </testcase> <!-- tc1 -->
  <testcase classname="org.you.seller" name="tc2" time="0.0">
    <skipped/>
  </testcase> <!-- tc2 -->
  <testcase classname="org.you.seller" name="tc3" time="0.0">
    <skipped/>
  </testcase> <!-- tc3 -->
  <testcase classname="org.you.seller" name="tc4" time="0.0">
    <skipped/>
  </testcase> <!-- tc4 -->
  <testcase classname="org.you.Buyer" name="tc1" time="0.0">
    <skipped/>
  </testcase> <!-- tc1 -->
  <testcase classname="org.you.Buyer" name="tc2" time="0.0">
    <skipped/>
  </testcase> <!-- tc2 -->
  <testcase classname="org.you.Buyer" name="tc3" time="0.0">
    <skipped/>
  </testcase> <!-- tc3 -->
  <testcase classname="org.you.Deliverypartner" name="tc1" time="0.0">
    <skipped/>
  </testcase> <!-- tc1 -->
  <testcase classname="org.you.Deliverypartner" name="tc2" time="0.0">
    <skipped/>
  </testcase> <!-- tc2 -->
  <testcase classname="org.you.Deliverypartner" name="tc3" time="0.0">
    <skipped/>
  </testcase> <!-- tc3 -->
</testsuite> <!-- Test -->
